Arguments: 
  /usr/local/bin/node /Users/tsutomu/.yarn/bin/yarn.js add victory-native

PATH: 
  /Users/tsutomu/.yarn/bin:/Users/tsutomu/.config/yarn/global/node_modules/.bin:/Users/tsutomu/Library/Android/sdk/emulator:/Users/tsutomu/Library/Android/sdk/platform-tools:/usr/local/Cellar/node/13.5.0/bin/:/opt/homebrew/bin:/opt/homebrew/sbin:/usr/local/bin:/usr/bin:/bin:/usr/sbin:/sbin:/Library/Apple/usr/bin

Yarn version: 
  1.22.19

Node version: 
  16.15.0

Platform: 
  darwin x64

Trace: 
  Error: EACCES: permission denied, unlink '/Users/tsutomu/Dev/220507/Squash/node_modules/@expo/dev-tools/node_modules/.bin/semver'

npm manifest: 
  {
    "name": "squash",
    "version": "1.0.0",
    "main": "node_modules/expo/AppEntry.js",
    "scripts": {
      "start": "expo start",
      "android": "expo start --android",
      "ios": "expo start --ios",
      "web": "expo start --web",
      "eject": "expo eject"
    },
    "dependencies": {
      "@expo/vector-icons": "^13.0.0",
      "@react-native-community/masked-view": "^0.1.11",
      "@react-navigation/native": "^5.9.8",
      "@react-navigation/stack": "^5.14.9",
      "date-fns": "^2.28.0",
      "expo": "~45.0.0",
      "expo-cli": "^4.3.0",
      "expo-secure-store": "~11.2.0",
      "expo-status-bar": "~1.3.0",
      "expo-updates": "~0.13.1",
      "firebase": "^8.10.0",
      "global": "^4.4.0",
      "prop-types": "^15.8.1",
      "react": "17.0.2",
      "react-dom": "17.0.2",
      "react-native": "0.68.2",
      "react-native-gesture-handler": "~2.2.1",
      "react-native-reanimated": "~2.8.0",
      "react-native-safe-area-context": "4.2.4",
      "react-native-screens": "~3.11.1",
      "react-native-svg": "12.3.0",
      "react-native-web": "0.17.7",
      "source-map-url": "^0.4.1",
      "uuid": "^8.3.2",
      "victory-native": "^36.4.0"
    },
    "devDependencies": {
      "@babel/core": "^7.12.9",
      "@types/react": "~17.0.21",
      "@types/react-native": "~0.67.6",
      "eslint": "^8.15.0",
      "eslint-config-airbnb": "^19.0.4",
      "eslint-plugin-import": "^2.26.0",
      "eslint-plugin-jsx-a11y": "^6.5.1",
      "eslint-plugin-react": "^7.29.4",
      "eslint-plugin-react-hooks": "^4.5.0"
    },
    "private": true
  }

yarn manifest: 
  No manifest

Lockfile: 
  No lockfile
